Running: C:\Xilinx\14.5\ISE_DS\ISE\bin\nt64\unwrapped\fuse.exe -intstyle ise -incremental -lib unisims_ver -lib unimacro_ver -lib xilinxcorelib_ver -lib secureip -o E:/merged_partition_content/Semi 7/Digital IC Design/Simulations/DFT/EvenCounter_isim_beh.exe -prj E:/merged_partition_content/Semi 7/Digital IC Design/Simulations/DFT/EvenCounter_beh.prj EvenCounter work.glbl 
ISim P.58f (signature 0x7708f090)
Number of CPUs detected in this system: 4
Turning on mult-threading, number of parallel sub-compilation jobs: 8 
Determining compilation order of HDL files
Analyzing Verilog file "E:/merged_partition_content/Semi 7/Digital IC Design/Simulations/DFT/D_Flip_Flop.v" into library work
Analyzing Verilog file "E:/merged_partition_content/Semi 7/Digital IC Design/Simulations/DFT/mealy1011.v" into library work
Analyzing Verilog file "E:/merged_partition_content/Semi 7/Digital IC Design/Simulations/DFT/Odd_Up_Down_Counter.v" into library work
Analyzing Verilog file "E:/merged_partition_content/Semi 7/Digital IC Design/Simulations/DFT/EvenCounter.v" into library work
Analyzing Verilog file "C:/Xilinx/14.5/ISE_DS/ISE//verilog/src/glbl.v" into library work
Starting static elaboration
Completed static elaboration
Compiling module D_Flip_Flop
Compiling module Tetsenabled_DFF
Compiling module Odd_Up_Down_Counter
Compiling module EvenCounter
Compiling module glbl
Time Resolution for simulation is 1ps.
Waiting for 1 sub-compilation(s) to finish...
WARNING:Simulator - Unable to copy libPortabilityNOSH.dll to the simulation executable directory: boost::filesystem::copy_file: The system cannot find the path specified, "isim\EvenCounter_isim_beh.exe.sim\libPortability.dll".
Compiled 5 Verilog Units
Built simulation executable E:/merged_partition_content/Semi 7/Digital IC Design/Simulations/DFT/EvenCounter_isim_beh.exe
Fuse Memory Usage: 27976 KB
Fuse CPU Usage: 624 ms
